Using pre-set license
Built from '2020.3/staging' branch; Version is '2020.3.0f1 (c7b5465681fb) revision 13088070'; Using compiler version '192528614'; Build Type 'Release'
OS: 'Windows 10 Home; OS build 19041.867; Version 2004; 64bit' Language: 'en' Physical Memory: 7278 MB
BatchMode: 1, IsHumanControllingUs: 0, StartBugReporterOnCrash: 0, Is64bit: 1, IsPro: 0

 COMMAND LINE ARGUMENTS:
C:\Program Files\Unity\Editor\Unity.exe
-adb2
-batchMode
-noUpm
-name
AssetImportWorker2
-projectPath
F:/Unity/Work/Más allá del tarot/Proyecto Unity
-logFile
Logs/AssetImportWorker2.log
-srvPort
6157
Successfully changed project path to: F:/Unity/Work/Más allá del tarot/Proyecto Unity
F:/Unity/Work/Más allá del tarot/Proyecto Unity
Using Asset Import Pipeline V2.
Refreshing native plugins compatible for Editor in 89.83 ms, found 0 plugins.
Preloading 0 native plugins for Editor in 0.00 ms.
Initialize engine version: 2020.3.0f1 (c7b5465681fb)
[Subsystems] Discovering subsystems at path C:/Program Files/Unity/Editor/Data/Resources/UnitySubsystems
[Subsystems] Discovering subsystems at path F:/Unity/Work/Más allá del tarot/Proyecto Unity/Assets
GfxDevice: creating device client; threaded=0
Direct3D:
    Version:  Direct3D 11.0 [level 11.1]
    Renderer: AMD Radeon R7 Graphics (ID=0x9874)
    Vendor:   
    VRAM:     495 MB
    Driver:   22.19.180.1536
Initialize mono
Mono path[0] = 'C:/Program Files/Unity/Editor/Data/Managed'
Mono path[1] = 'C:/Program Files/Unity/Editor/Data/MonoBleedingEdge/lib/mono/unityjit'
Mono config path = 'C:/Program Files/Unity/Editor/Data/MonoBleedingEdge/etc'
Using monoOptions --debugger-agent=transport=dt_socket,embedding=1,server=y,suspend=n,address=127.0.0.1:56652
Begin MonoManager ReloadAssembly
Registering precompiled unity dll's ...
Register platform support module: C:/Program Files/Unity/Editor/Data/PlaybackEngines/WebGLSupport/UnityEditor.WebGL.Extensions.dll
Register platform support module: C:/Program Files/Unity/Editor/Data/PlaybackEngines/WindowsStandaloneSupport/UnityEditor.WindowsStandalone.Extensions.dll
Registered in 0.004945 seconds.
Native extension for WindowsStandalone target not found
Native extension for WebGL target not found
Refreshing native plugins compatible for Editor in 81.05 ms, found 0 plugins.
Preloading 0 native plugins for Editor in 0.00 ms.
Invoked RoslynAnalysisRunner static constructor.
RoslynAnalysisRunner will not be running.
RoslynAnalysisRunner has terminated.
Mono: successfully reloaded assembly
- Completed reload, in  2.868 seconds
Platform modules already initialized, skipping
Registering precompiled user dll's ...
Registered in 0.011937 seconds.
Begin MonoManager ReloadAssembly
Native extension for WindowsStandalone target not found
Native extension for WebGL target not found
Refreshing native plugins compatible for Editor in 1.22 ms, found 0 plugins.
Preloading 0 native plugins for Editor in 0.00 ms.
22:46:39.935 |V| RiderPlugin                    | <unnamed-thread>:1             | Writing Library/EditorInstance.json
22:46:40.186 |V| ScriptObjectSingleton          | <unnamed-thread>:1             | FilePath 
22:46:40.190 |V| ScriptObjectSingleton          | <unnamed-thread>:1             | FilePath 
22:46:40.190 |V| RiderPlugin                    | <unnamed-thread>:1             | Call OnGeneratedCSProjectFiles once per Unity process.
22:46:40.200 |V| ScriptObjectSingleton          | <unnamed-thread>:1             | FilePath 
Invoked RoslynAnalysisRunner static constructor.
RoslynAnalysisRunner will not be running.
RoslynAnalysisRunner has terminated.
Mono: successfully reloaded assembly
- Completed reload, in  5.884 seconds
Platform modules already initialized, skipping
========================================================================
Worker process is ready to serve import requests
Launched and connected shader compiler UnityShaderCompiler.exe after 0.38 seconds
Refreshing native plugins compatible for Editor in 0.94 ms, found 0 plugins.
Preloading 0 native plugins for Editor in 0.00 ms.
Unloading 1134 Unused Serialized files (Serialized files now loaded: 0)
System memory in use before: 59.1 MB.
System memory in use after: 59.2 MB.

Unloading 38 unused Assets to reduce memory usage. Loaded Objects now: 1566.
Total: 4.927600 ms (FindLiveObjects: 0.417700 ms CreateObjectMapping: 0.239000 ms MarkObjects: 4.093000 ms  DeleteObjects: 0.175600 ms)

========================================================================
Received Prepare
Registering precompiled user dll's ...
Registered in 0.004241 seconds.
Begin MonoManager ReloadAssembly
Native extension for WindowsStandalone target not found
Native extension for WebGL target not found
Refreshing native plugins compatible for Editor in 1.95 ms, found 0 plugins.
Preloading 0 native plugins for Editor in 0.00 ms.
23:07:34.889 |V| RiderPlugin                    | <unnamed-thread>:1             | Writing Library/EditorInstance.json
Invoked RoslynAnalysisRunner static constructor.
RoslynAnalysisRunner will not be running.
RoslynAnalysisRunner has terminated.
Mono: successfully reloaded assembly
- Completed reload, in  5.683 seconds
Platform modules already initialized, skipping
Refreshing native plugins compatible for Editor in 1.36 ms, found 0 plugins.
Preloading 0 native plugins for Editor in 0.00 ms.
Unloading 1118 Unused Serialized files (Serialized files now loaded: 0)
System memory in use before: 58.2 MB.
System memory in use after: 58.3 MB.

Unloading 29 unused Assets to reduce memory usage. Loaded Objects now: 1569.
Total: 7.202200 ms (FindLiveObjects: 0.345800 ms CreateObjectMapping: 0.125600 ms MarkObjects: 6.653800 ms  DeleteObjects: 0.072300 ms)

========================================================================
Received Prepare
Registering precompiled user dll's ...
Registered in 0.004152 seconds.
Begin MonoManager ReloadAssembly
Native extension for WindowsStandalone target not found
Native extension for WebGL target not found
Refreshing native plugins compatible for Editor in 1.38 ms, found 0 plugins.
Preloading 0 native plugins for Editor in 0.00 ms.
23:07:41.558 |V| RiderPlugin                    | <unnamed-thread>:1             | Writing Library/EditorInstance.json
Invoked RoslynAnalysisRunner static constructor.
RoslynAnalysisRunner will not be running.
RoslynAnalysisRunner has terminated.
Mono: successfully reloaded assembly
- Completed reload, in  3.957 seconds
Platform modules already initialized, skipping
Refreshing native plugins compatible for Editor in 1.12 ms, found 0 plugins.
Preloading 0 native plugins for Editor in 0.00 ms.
Unloading 1118 Unused Serialized files (Serialized files now loaded: 0)
System memory in use before: 58.3 MB.
System memory in use after: 58.4 MB.

Unloading 29 unused Assets to reduce memory usage. Loaded Objects now: 1572.
Total: 6.757300 ms (FindLiveObjects: 0.371900 ms CreateObjectMapping: 0.134100 ms MarkObjects: 6.184700 ms  DeleteObjects: 0.061400 ms)

========================================================================
Received Prepare
Registering precompiled user dll's ...
Registered in 0.009898 seconds.
Begin MonoManager ReloadAssembly
Native extension for WindowsStandalone target not found
Native extension for WebGL target not found
Refreshing native plugins compatible for Editor in 3.75 ms, found 0 plugins.
Preloading 0 native plugins for Editor in 0.00 ms.
23:09:23.018 |V| RiderPlugin                    | <unnamed-thread>:1             | Writing Library/EditorInstance.json
System.IO.IOException: Sharing violation on path F:\Unity\Work\Más allá del tarot\Proyecto Unity\Library\EditorInstance.json
  at System.IO.FileStream..ctor (System.String path, System.IO.FileMode mode, System.IO.FileAccess access, System.IO.FileShare share, System.Int32 bufferSize, System.Boolean anonymous, System.IO.FileOptions options) [0x0019e] in <eae584ce26bc40229c1b1aa476bfa589>:0 
  at System.IO.FileStream..ctor (System.String path, System.IO.FileMode mode, System.IO.FileAccess access, System.IO.FileShare share, System.Int32 bufferSize, System.IO.FileOptions options, System.String msgPath, System.Boolean bFromProxy, System.Boolean useLongPath, System.Boolean checkHost) [0x00000] in <eae584ce26bc40229c1b1aa476bfa589>:0 
  at (wrapper remoting-invoke-with-check) System.IO.FileStream..ctor(string,System.IO.FileMode,System.IO.FileAccess,System.IO.FileShare,int,System.IO.FileOptions,string,bool,bool,bool)
  at System.IO.StreamWriter.CreateFile (System.String path, System.Boolean append, System.Boolean checkHost) [0x0001c] in <eae584ce26bc40229c1b1aa476bfa589>:0 
  at System.IO.StreamWriter..ctor (System.String path, System.Boolean append, System.Text.Encoding encoding, System.Int32 bufferSize, System.Boolean checkHost) [0x00055] in <eae584ce26bc40229c1b1aa476bfa589>:0 
  at System.IO.StreamWriter..ctor (System.String path, System.Boolean append, System.Text.Encoding encoding, System.Int32 bufferSize) [0x00000] in <eae584ce26bc40229c1b1aa476bfa589>:0 
  at System.IO.StreamWriter..ctor (System.String path, System.Boolean append, System.Text.Encoding encoding) [0x00000] in <eae584ce26bc40229c1b1aa476bfa589>:0 
  at (wrapper remoting-invoke-with-check) System.IO.StreamWriter..ctor(string,bool,System.Text.Encoding)
  at System.IO.File.WriteAllText (System.String path, System.String contents, System.Text.Encoding encoding) [0x00000] in <eae584ce26bc40229c1b1aa476bfa589>:0 
  at System.IO.File.WriteAllText (System.String path, System.String contents) [0x00007] in <eae584ce26bc40229c1b1aa476bfa589>:0 
  at JetBrains.Rider.Unity.Editor.PluginEntryPoint.InitializeEditorInstanceJson () [0x00049] in <a9ea09f8bfa44a18bdf33c550212756e>:0 
  at JetBrains.Rider.Unity.Editor.PluginEntryPoint.Init () [0x00032] in <a9ea09f8bfa44a18bdf33c550212756e>:0 
  at JetBrains.Rider.Unity.Editor.PluginEntryPoint..cctor () [0x000d4] in <a9ea09f8bfa44a18bdf33c550212756e>:0 
UnityEngine.StackTraceUtility:ExtractStackTrace ()
UnityEngine.DebugLogHandler:LogFormat (UnityEngine.LogType,UnityEngine.Object,string,object[])
UnityEngine.Logger:Log (UnityEngine.LogType,object)
UnityEngine.Debug:LogError (object)
UnityEditor.EditorAssemblies:ProcessInitializeOnLoadAttributes (System.Type[])

23:09:23.155 |V| UnitTesting.EntryPoint         | <unnamed-thread>:1             | EntryPoint
System.TypeInitializationException: The type initializer for 'JetBrains.Rider.Unity.Editor.PluginEntryPoint' threw an exception. ---> System.IO.IOException: Sharing violation on path F:\Unity\Work\Más allá del tarot\Proyecto Unity\Library\EditorInstance.json
  at System.IO.FileStream..ctor (System.String path, System.IO.FileMode mode, System.IO.FileAccess access, System.IO.FileShare share, System.Int32 bufferSize, System.Boolean anonymous, System.IO.FileOptions options) [0x0019e] in <eae584ce26bc40229c1b1aa476bfa589>:0 
  at System.IO.FileStream..ctor (System.String path, System.IO.FileMode mode, System.IO.FileAccess access, System.IO.FileShare share, System.Int32 bufferSize, System.IO.FileOptions options, System.String msgPath, System.Boolean bFromProxy, System.Boolean useLongPath, System.Boolean checkHost) [0x00000] in <eae584ce26bc40229c1b1aa476bfa589>:0 
  at (wrapper remoting-invoke-with-check) System.IO.FileStream..ctor(string,System.IO.FileMode,System.IO.FileAccess,System.IO.FileShare,int,System.IO.FileOptions,string,bool,bool,bool)
  at System.IO.StreamWriter.CreateFile (System.String path, System.Boolean append, System.Boolean checkHost) [0x0001c] in <eae584ce26bc40229c1b1aa476bfa589>:0 
  at System.IO.StreamWriter..ctor (System.String path, System.Boolean append, System.Text.Encoding encoding, System.Int32 bufferSize, System.Boolean checkHost) [0x00055] in <eae584ce26bc40229c1b1aa476bfa589>:0 
  at System.IO.StreamWriter..ctor (System.String path, System.Boolean append, System.Text.Encoding encoding, System.Int32 bufferSize) [0x00000] in <eae584ce26bc40229c1b1aa476bfa589>:0 
  at System.IO.StreamWriter..ctor (System.String path, System.Boolean append, System.Text.Encoding encoding) [0x00000] in <eae584ce26bc40229c1b1aa476bfa589>:0 
  at (wrapper remoting-invoke-with-check) System.IO.StreamWriter..ctor(string,bool,System.Text.Encoding)
  at System.IO.File.WriteAllText (System.String path, System.String contents, System.Text.Encoding encoding) [0x00000] in <eae584ce26bc40229c1b1aa476bfa589>:0 
  at System.IO.File.WriteAllText (System.String path, System.String contents) [0x00007] in <eae584ce26bc40229c1b1aa476bfa589>:0 
  at JetBrains.Rider.Unity.Editor.PluginEntryPoint.InitializeEditorInstanceJson () [0x00049] in <a9ea09f8bfa44a18bdf33c550212756e>:0 
  at JetBrains.Rider.Unity.Editor.PluginEntryPoint.Init () [0x00032] in <a9ea09f8bfa44a18bdf33c550212756e>:0 
  at JetBrains.Rider.Unity.Editor.PluginEntryPoint..cctor () [0x000d4] in <a9ea09f8bfa44a18bdf33c550212756e>:0 
   --- End of inner exception stack trace ---
  at JetBrains.Rider.Unity.Editor.UnitTesting.EntryPoint..cctor () [0x0001e] in <a9ea09f8bfa44a18bdf33c550212756e>:0 
UnityEngine.StackTraceUtility:ExtractStackTrace ()
UnityEngine.DebugLogHandler:LogFormat (UnityEngine.LogType,UnityEngine.Object,string,object[])
UnityEngine.Logger:Log (UnityEngine.LogType,object)
UnityEngine.Debug:LogError (object)
UnityEditor.EditorAssemblies:ProcessInitializeOnLoadAttributes (System.Type[])

Invoked RoslynAnalysisRunner static constructor.
RoslynAnalysisRunner will not be running.
RoslynAnalysisRunner has terminated.
Mono: successfully reloaded assembly
- Completed reload, in  6.152 seconds
Platform modules already initialized, skipping
Refreshing native plugins compatible for Editor in 1.36 ms, found 0 plugins.
Preloading 0 native plugins for Editor in 0.00 ms.
Unloading 1118 Unused Serialized files (Serialized files now loaded: 0)
System memory in use before: 58.5 MB.
System memory in use after: 58.6 MB.

Unloading 29 unused Assets to reduce memory usage. Loaded Objects now: 1575.
Total: 5.715000 ms (FindLiveObjects: 0.411100 ms CreateObjectMapping: 0.130800 ms MarkObjects: 5.104200 ms  DeleteObjects: 0.064400 ms)

========================================================================
Received Prepare
Registering precompiled user dll's ...
Registered in 0.006899 seconds.
Begin MonoManager ReloadAssembly
Native extension for WindowsStandalone target not found
Native extension for WebGL target not found
Refreshing native plugins compatible for Editor in 0.89 ms, found 0 plugins.
Preloading 0 native plugins for Editor in 0.00 ms.
23:09:30.385 |V| RiderPlugin                    | <unnamed-thread>:1             | Writing Library/EditorInstance.json
Invoked RoslynAnalysisRunner static constructor.
RoslynAnalysisRunner will not be running.
RoslynAnalysisRunner has terminated.
Mono: successfully reloaded assembly
- Completed reload, in  4.489 seconds
Platform modules already initialized, skipping
Refreshing native plugins compatible for Editor in 1.26 ms, found 0 plugins.
Preloading 0 native plugins for Editor in 0.00 ms.
Unloading 1118 Unused Serialized files (Serialized files now loaded: 0)
System memory in use before: 58.5 MB.
System memory in use after: 58.6 MB.

Unloading 29 unused Assets to reduce memory usage. Loaded Objects now: 1578.
Total: 7.746700 ms (FindLiveObjects: 0.405600 ms CreateObjectMapping: 0.125800 ms MarkObjects: 7.054700 ms  DeleteObjects: 0.155900 ms)

========================================================================
Received Prepare
Registering precompiled user dll's ...
Registered in 0.011495 seconds.
Begin MonoManager ReloadAssembly
Native extension for WindowsStandalone target not found
Native extension for WebGL target not found
Refreshing native plugins compatible for Editor in 1.06 ms, found 0 plugins.
Preloading 0 native plugins for Editor in 0.00 ms.
23:10:13.906 |V| RiderPlugin                    | <unnamed-thread>:1             | Writing Library/EditorInstance.json
Invoked RoslynAnalysisRunner static constructor.
RoslynAnalysisRunner will not be running.
RoslynAnalysisRunner has terminated.
Mono: successfully reloaded assembly
- Completed reload, in  4.891 seconds
Platform modules already initialized, skipping
Refreshing native plugins compatible for Editor in 0.90 ms, found 0 plugins.
Preloading 0 native plugins for Editor in 0.00 ms.
Unloading 1118 Unused Serialized files (Serialized files now loaded: 0)
System memory in use before: 58.5 MB.
System memory in use after: 58.6 MB.

Unloading 29 unused Assets to reduce memory usage. Loaded Objects now: 1581.
Total: 4.734700 ms (FindLiveObjects: 0.325000 ms CreateObjectMapping: 0.095800 ms MarkObjects: 4.242600 ms  DeleteObjects: 0.069000 ms)

========================================================================
Received Prepare
Registering precompiled user dll's ...
Registered in 0.006477 seconds.
Begin MonoManager ReloadAssembly
Native extension for WindowsStandalone target not found
Native extension for WebGL target not found
Refreshing native plugins compatible for Editor in 1.01 ms, found 0 plugins.
Preloading 0 native plugins for Editor in 0.00 ms.
23:13:05.700 |V| RiderPlugin                    | <unnamed-thread>:1             | Writing Library/EditorInstance.json
Invoked RoslynAnalysisRunner static constructor.
RoslynAnalysisRunner will not be running.
RoslynAnalysisRunner has terminated.
Mono: successfully reloaded assembly
- Completed reload, in  3.825 seconds
Platform modules already initialized, skipping
Refreshing native plugins compatible for Editor in 1.52 ms, found 0 plugins.
Preloading 0 native plugins for Editor in 0.00 ms.
Unloading 1118 Unused Serialized files (Serialized files now loaded: 0)
System memory in use before: 58.5 MB.
System memory in use after: 58.6 MB.

Unloading 29 unused Assets to reduce memory usage. Loaded Objects now: 1584.
Total: 7.102700 ms (FindLiveObjects: 0.434800 ms CreateObjectMapping: 0.188500 ms MarkObjects: 6.403400 ms  DeleteObjects: 0.071500 ms)

========================================================================
Received Prepare
Registering precompiled user dll's ...
Registered in 0.022977 seconds.
Begin MonoManager ReloadAssembly
Native extension for WindowsStandalone target not found
Native extension for WebGL target not found
Refreshing native plugins compatible for Editor in 2.46 ms, found 0 plugins.
Preloading 0 native plugins for Editor in 0.00 ms.
23:14:03.716 |V| RiderPlugin                    | <unnamed-thread>:1             | Writing Library/EditorInstance.json
Invoked RoslynAnalysisRunner static constructor.
RoslynAnalysisRunner will not be running.
RoslynAnalysisRunner has terminated.
Mono: successfully reloaded assembly
- Completed reload, in 16.261 seconds
Platform modules already initialized, skipping
Refreshing native plugins compatible for Editor in 1.41 ms, found 0 plugins.
Preloading 0 native plugins for Editor in 0.00 ms.
Unloading 1118 Unused Serialized files (Serialized files now loaded: 0)
System memory in use before: 58.5 MB.
System memory in use after: 58.6 MB.

Unloading 29 unused Assets to reduce memory usage. Loaded Objects now: 1587.
Total: 51.770900 ms (FindLiveObjects: 4.559000 ms CreateObjectMapping: 1.693900 ms MarkObjects: 43.986900 ms  DeleteObjects: 1.522700 ms)

========================================================================
Received Prepare
Registering precompiled user dll's ...
Registered in 0.009004 seconds.
Begin MonoManager ReloadAssembly
Native extension for WindowsStandalone target not found
Native extension for WebGL target not found
Refreshing native plugins compatible for Editor in 1.34 ms, found 0 plugins.
Preloading 0 native plugins for Editor in 0.00 ms.
23:15:30.425 |V| RiderPlugin                    | <unnamed-thread>:1             | Writing Library/EditorInstance.json
Invoked RoslynAnalysisRunner static constructor.
RoslynAnalysisRunner will not be running.
RoslynAnalysisRunner has terminated.
Mono: successfully reloaded assembly
- Completed reload, in  6.126 seconds
Platform modules already initialized, skipping
Refreshing native plugins compatible for Editor in 1.37 ms, found 0 plugins.
Preloading 0 native plugins for Editor in 0.00 ms.
Unloading 1118 Unused Serialized files (Serialized files now loaded: 0)
System memory in use before: 58.5 MB.
System memory in use after: 58.6 MB.

Unloading 29 unused Assets to reduce memory usage. Loaded Objects now: 1590.
Total: 7.205700 ms (FindLiveObjects: 0.517700 ms CreateObjectMapping: 0.304100 ms MarkObjects: 6.314100 ms  DeleteObjects: 0.065200 ms)

========================================================================
Received Prepare
Registering precompiled user dll's ...
Registered in 0.015647 seconds.
Begin MonoManager ReloadAssembly
Native extension for WindowsStandalone target not found
Native extension for WebGL target not found
Refreshing native plugins compatible for Editor in 1.44 ms, found 0 plugins.
Preloading 0 native plugins for Editor in 0.00 ms.
23:16:09.222 |V| RiderPlugin                    | <unnamed-thread>:1             | Writing Library/EditorInstance.json
Invoked RoslynAnalysisRunner static constructor.
RoslynAnalysisRunner will not be running.
RoslynAnalysisRunner has terminated.
Mono: successfully reloaded assembly
- Completed reload, in  3.117 seconds
Platform modules already initialized, skipping
Refreshing native plugins compatible for Editor in 1.29 ms, found 0 plugins.
Preloading 0 native plugins for Editor in 0.00 ms.
Unloading 1118 Unused Serialized files (Serialized files now loaded: 0)
System memory in use before: 58.5 MB.
System memory in use after: 58.6 MB.

Unloading 29 unused Assets to reduce memory usage. Loaded Objects now: 1593.
Total: 7.438300 ms (FindLiveObjects: 0.492500 ms CreateObjectMapping: 0.253100 ms MarkObjects: 6.619600 ms  DeleteObjects: 0.068400 ms)

========================================================================
Received Prepare
Registering precompiled user dll's ...
Registered in 0.009550 seconds.
Begin MonoManager ReloadAssembly
Native extension for WindowsStandalone target not found
Native extension for WebGL target not found
Refreshing native plugins compatible for Editor in 1.35 ms, found 0 plugins.
Preloading 0 native plugins for Editor in 0.00 ms.
23:19:33.601 |V| RiderPlugin                    | <unnamed-thread>:1             | Writing Library/EditorInstance.json
Invoked RoslynAnalysisRunner static constructor.
RoslynAnalysisRunner will not be running.
RoslynAnalysisRunner has terminated.
Mono: successfully reloaded assembly
- Completed reload, in  5.310 seconds
Platform modules already initialized, skipping
Refreshing native plugins compatible for Editor in 1.40 ms, found 0 plugins.
Preloading 0 native plugins for Editor in 0.00 ms.
Unloading 1118 Unused Serialized files (Serialized files now loaded: 0)
System memory in use before: 58.5 MB.
System memory in use after: 58.6 MB.

Unloading 29 unused Assets to reduce memory usage. Loaded Objects now: 1596.
Total: 7.314900 ms (FindLiveObjects: 0.719500 ms CreateObjectMapping: 0.179100 ms MarkObjects: 6.333700 ms  DeleteObjects: 0.076800 ms)

========================================================================
Received Prepare
Registering precompiled user dll's ...
Registered in 0.004906 seconds.
Begin MonoManager ReloadAssembly
Native extension for WindowsStandalone target not found
Native extension for WebGL target not found
Refreshing native plugins compatible for Editor in 1.14 ms, found 0 plugins.
Preloading 0 native plugins for Editor in 0.00 ms.
23:23:00.511 |V| RiderPlugin                    | <unnamed-thread>:1             | Writing Library/EditorInstance.json
Invoked RoslynAnalysisRunner static constructor.
RoslynAnalysisRunner will not be running.
RoslynAnalysisRunner has terminated.
Mono: successfully reloaded assembly
- Completed reload, in  3.140 seconds
Platform modules already initialized, skipping
Refreshing native plugins compatible for Editor in 1.16 ms, found 0 plugins.
Preloading 0 native plugins for Editor in 0.00 ms.
Unloading 1118 Unused Serialized files (Serialized files now loaded: 0)
System memory in use before: 58.5 MB.
System memory in use after: 58.6 MB.

Unloading 29 unused Assets to reduce memory usage. Loaded Objects now: 1599.
Total: 5.907700 ms (FindLiveObjects: 0.437400 ms CreateObjectMapping: 0.106600 ms MarkObjects: 4.846600 ms  DeleteObjects: 0.512700 ms)

========================================================================
Received Import Request.
  path: Assets/Scenes/SelectGame.unity
  artifactKey: Guid(3e810ae03ce97f147a79e5dd3ec6c855) Importer(815301076,1909f56bfc062723c751e8b465ee728b)
Start importing Assets/Scenes/SelectGame.unity using Guid(3e810ae03ce97f147a79e5dd3ec6c855) Importer(815301076,1909f56bfc062723c751e8b465ee728b)  -> (artifact id: '172869fb8b7e8ced15282ba7c9ef3a93') in 0.105531 seconds
  Import took 0.236468 seconds .

========================================================================
Received Prepare
Registering precompiled user dll's ...
Registered in 0.007640 seconds.
Begin MonoManager ReloadAssembly
Native extension for WindowsStandalone target not found
Native extension for WebGL target not found
Refreshing native plugins compatible for Editor in 1.17 ms, found 0 plugins.
Preloading 0 native plugins for Editor in 0.00 ms.
23:31:04.223 |V| RiderPlugin                    | <unnamed-thread>:1             | Writing Library/EditorInstance.json
Invoked RoslynAnalysisRunner static constructor.
RoslynAnalysisRunner will not be running.
RoslynAnalysisRunner has terminated.
Mono: successfully reloaded assembly
- Completed reload, in  4.217 seconds
Platform modules already initialized, skipping
Refreshing native plugins compatible for Editor in 1.54 ms, found 0 plugins.
Preloading 0 native plugins for Editor in 0.00 ms.
Unloading 1118 Unused Serialized files (Serialized files now loaded: 0)
System memory in use before: 58.6 MB.
System memory in use after: 58.7 MB.

Unloading 29 unused Assets to reduce memory usage. Loaded Objects now: 1602.
Total: 7.118700 ms (FindLiveObjects: 0.654700 ms CreateObjectMapping: 0.156900 ms MarkObjects: 6.232000 ms  DeleteObjects: 0.070000 ms)

========================================================================
Received Import Request.
  Time since last request: 469.338844 seconds.
  path: Assets/Scenes/SelectGame.unity
  artifactKey: Guid(3e810ae03ce97f147a79e5dd3ec6c855) Importer(815301076,1909f56bfc062723c751e8b465ee728b)
Start importing Assets/Scenes/SelectGame.unity using Guid(3e810ae03ce97f147a79e5dd3ec6c855) Importer(815301076,1909f56bfc062723c751e8b465ee728b)  -> (artifact id: '8432ec0f3218a4621b1aef14f9e7559b') in 0.059297 seconds
  Import took 0.125586 seconds .

========================================================================
Received Prepare
Registering precompiled user dll's ...
Registered in 0.008002 seconds.
Begin MonoManager ReloadAssembly
Native extension for WindowsStandalone target not found
Native extension for WebGL target not found
Refreshing native plugins compatible for Editor in 1.02 ms, found 0 plugins.
Preloading 0 native plugins for Editor in 0.00 ms.
23:32:28.060 |V| RiderPlugin                    | <unnamed-thread>:1             | Writing Library/EditorInstance.json
Invoked RoslynAnalysisRunner static constructor.
RoslynAnalysisRunner will not be running.
RoslynAnalysisRunner has terminated.
Mono: successfully reloaded assembly
- Completed reload, in  4.722 seconds
Platform modules already initialized, skipping
Refreshing native plugins compatible for Editor in 1.14 ms, found 0 plugins.
Preloading 0 native plugins for Editor in 0.00 ms.
Unloading 1118 Unused Serialized files (Serialized files now loaded: 0)
System memory in use before: 58.6 MB.
System memory in use after: 58.7 MB.

Unloading 29 unused Assets to reduce memory usage. Loaded Objects now: 1605.
Total: 6.905100 ms (FindLiveObjects: 0.446600 ms CreateObjectMapping: 0.154300 ms MarkObjects: 6.226100 ms  DeleteObjects: 0.072800 ms)

========================================================================
Received Prepare
Registering precompiled user dll's ...
Registered in 0.005450 seconds.
Begin MonoManager ReloadAssembly
Native extension for WindowsStandalone target not found
Native extension for WebGL target not found
Refreshing native plugins compatible for Editor in 1.37 ms, found 0 plugins.
Preloading 0 native plugins for Editor in 0.00 ms.
23:32:35.263 |V| RiderPlugin                    | <unnamed-thread>:1             | Writing Library/EditorInstance.json
Invoked RoslynAnalysisRunner static constructor.
RoslynAnalysisRunner will not be running.
RoslynAnalysisRunner has terminated.
Mono: successfully reloaded assembly
- Completed reload, in  3.296 seconds
Platform modules already initialized, skipping
Refreshing native plugins compatible for Editor in 1.31 ms, found 0 plugins.
Preloading 0 native plugins for Editor in 0.00 ms.
Unloading 1118 Unused Serialized files (Serialized files now loaded: 0)
System memory in use before: 58.6 MB.
System memory in use after: 58.7 MB.

Unloading 29 unused Assets to reduce memory usage. Loaded Objects now: 1608.
Total: 5.078700 ms (FindLiveObjects: 0.358400 ms CreateObjectMapping: 0.086300 ms MarkObjects: 4.581000 ms  DeleteObjects: 0.048600 ms)

========================================================================
Received Import Request.
  Time since last request: 70.080348 seconds.
  path: Assets/Scenes/SelectGame.unity
  artifactKey: Guid(3e810ae03ce97f147a79e5dd3ec6c855) Importer(815301076,1909f56bfc062723c751e8b465ee728b)
Start importing Assets/Scenes/SelectGame.unity using Guid(3e810ae03ce97f147a79e5dd3ec6c855) Importer(815301076,1909f56bfc062723c751e8b465ee728b)  -> (artifact id: 'f2bd56f2e11b9839befd3277dd9999b3') in 0.047348 seconds
  Import took 0.072603 seconds .

========================================================================
Received Prepare
Registering precompiled user dll's ...
Registered in 0.007142 seconds.
Begin MonoManager ReloadAssembly
Native extension for WindowsStandalone target not found
Native extension for WebGL target not found
Refreshing native plugins compatible for Editor in 1.74 ms, found 0 plugins.
Preloading 0 native plugins for Editor in 0.00 ms.
23:34:33.264 |V| RiderPlugin                    | <unnamed-thread>:1             | Writing Library/EditorInstance.json
Invoked RoslynAnalysisRunner static constructor.
RoslynAnalysisRunner will not be running.
RoslynAnalysisRunner has terminated.
Mono: successfully reloaded assembly
- Completed reload, in  6.060 seconds
Platform modules already initialized, skipping
Refreshing native plugins compatible for Editor in 1.52 ms, found 0 plugins.
Preloading 0 native plugins for Editor in 0.00 ms.
Unloading 1118 Unused Serialized files (Serialized files now loaded: 0)
System memory in use before: 58.6 MB.
System memory in use after: 58.7 MB.

Unloading 29 unused Assets to reduce memory usage. Loaded Objects now: 1611.
Total: 4.918500 ms (FindLiveObjects: 0.379600 ms CreateObjectMapping: 0.064400 ms MarkObjects: 4.419900 ms  DeleteObjects: 0.050800 ms)

========================================================================
Received Prepare
Registering precompiled user dll's ...
Registered in 0.014870 seconds.
Begin MonoManager ReloadAssembly
Native extension for WindowsStandalone target not found
Native extension for WebGL target not found
Refreshing native plugins compatible for Editor in 0.99 ms, found 0 plugins.
Preloading 0 native plugins for Editor in 0.00 ms.
23:35:20.997 |V| RiderPlugin                    | <unnamed-thread>:1             | Writing Library/EditorInstance.json
Invoked RoslynAnalysisRunner static constructor.
RoslynAnalysisRunner will not be running.
RoslynAnalysisRunner has terminated.
Mono: successfully reloaded assembly
- Completed reload, in  3.322 seconds
Platform modules already initialized, skipping
Refreshing native plugins compatible for Editor in 1.09 ms, found 0 plugins.
Preloading 0 native plugins for Editor in 0.00 ms.
Unloading 1118 Unused Serialized files (Serialized files now loaded: 0)
System memory in use before: 58.6 MB.
System memory in use after: 58.7 MB.

Unloading 29 unused Assets to reduce memory usage. Loaded Objects now: 1614.
Total: 5.811300 ms (FindLiveObjects: 0.569300 ms CreateObjectMapping: 0.122700 ms MarkObjects: 5.055100 ms  DeleteObjects: 0.059300 ms)

========================================================================
Received Prepare
Registering precompiled user dll's ...
Registered in 0.007761 seconds.
Begin MonoManager ReloadAssembly
Native extension for WindowsStandalone target not found
Native extension for WebGL target not found
Refreshing native plugins compatible for Editor in 17.29 ms, found 0 plugins.
Preloading 0 native plugins for Editor in 0.00 ms.
23:37:29.124 |V| RiderPlugin                    | <unnamed-thread>:1             | Writing Library/EditorInstance.json
Invoked RoslynAnalysisRunner static constructor.
RoslynAnalysisRunner will not be running.
RoslynAnalysisRunner has terminated.
Mono: successfully reloaded assembly
- Completed reload, in  5.918 seconds
Platform modules already initialized, skipping
Refreshing native plugins compatible for Editor in 1.45 ms, found 0 plugins.
Preloading 0 native plugins for Editor in 0.00 ms.
Unloading 1118 Unused Serialized files (Serialized files now loaded: 0)
System memory in use before: 58.6 MB.
System memory in use after: 58.7 MB.

Unloading 29 unused Assets to reduce memory usage. Loaded Objects now: 1617.
Total: 6.747800 ms (FindLiveObjects: 0.477000 ms CreateObjectMapping: 0.257200 ms MarkObjects: 5.946200 ms  DeleteObjects: 0.062000 ms)

========================================================================
Received Prepare
Registering precompiled user dll's ...
Registered in 0.005917 seconds.
Begin MonoManager ReloadAssembly
Native extension for WindowsStandalone target not found
Native extension for WebGL target not found
Refreshing native plugins compatible for Editor in 1.34 ms, found 0 plugins.
Preloading 0 native plugins for Editor in 0.00 ms.
23:38:24.654 |V| RiderPlugin                    | <unnamed-thread>:1             | Writing Library/EditorInstance.json
Invoked RoslynAnalysisRunner static constructor.
RoslynAnalysisRunner will not be running.
RoslynAnalysisRunner has terminated.
Mono: successfully reloaded assembly
- Completed reload, in  5.044 seconds
Platform modules already initialized, skipping
Refreshing native plugins compatible for Editor in 1.62 ms, found 0 plugins.
Preloading 0 native plugins for Editor in 0.00 ms.
Unloading 1118 Unused Serialized files (Serialized files now loaded: 0)
System memory in use before: 58.6 MB.
System memory in use after: 58.7 MB.

Unloading 29 unused Assets to reduce memory usage. Loaded Objects now: 1620.
Total: 5.729400 ms (FindLiveObjects: 0.515500 ms CreateObjectMapping: 0.203500 ms MarkObjects: 4.940600 ms  DeleteObjects: 0.063600 ms)

========================================================================
Received Prepare
Registering precompiled user dll's ...
Registered in 0.006501 seconds.
Begin MonoManager ReloadAssembly
Native extension for WindowsStandalone target not found
Native extension for WebGL target not found
Refreshing native plugins compatible for Editor in 1.05 ms, found 0 plugins.
Preloading 0 native plugins for Editor in 0.00 ms.
23:39:57.602 |V| RiderPlugin                    | <unnamed-thread>:1             | Writing Library/EditorInstance.json
Invoked RoslynAnalysisRunner static constructor.
RoslynAnalysisRunner will not be running.
RoslynAnalysisRunner has terminated.
Mono: successfully reloaded assembly
- Completed reload, in  4.210 seconds
Platform modules already initialized, skipping
Refreshing native plugins compatible for Editor in 1.87 ms, found 0 plugins.
Preloading 0 native plugins for Editor in 0.00 ms.
Unloading 1118 Unused Serialized files (Serialized files now loaded: 0)
System memory in use before: 58.6 MB.
System memory in use after: 58.7 MB.

Unloading 29 unused Assets to reduce memory usage. Loaded Objects now: 1623.
Total: 7.321900 ms (FindLiveObjects: 0.413100 ms CreateObjectMapping: 0.121800 ms MarkObjects: 6.708200 ms  DeleteObjects: 0.074400 ms)

========================================================================
Received Prepare
Registering precompiled user dll's ...
Registered in 0.005186 seconds.
Begin MonoManager ReloadAssembly
Native extension for WindowsStandalone target not found
Native extension for WebGL target not found
Refreshing native plugins compatible for Editor in 1.33 ms, found 0 plugins.
Preloading 0 native plugins for Editor in 0.00 ms.
23:40:05.042 |V| RiderPlugin                    | <unnamed-thread>:1             | Writing Library/EditorInstance.json
Invoked RoslynAnalysisRunner static constructor.
RoslynAnalysisRunner will not be running.
RoslynAnalysisRunner has terminated.
Mono: successfully reloaded assembly
- Completed reload, in  4.363 seconds
Platform modules already initialized, skipping
Refreshing native plugins compatible for Editor in 0.91 ms, found 0 plugins.
Preloading 0 native plugins for Editor in 0.00 ms.
Unloading 1118 Unused Serialized files (Serialized files now loaded: 0)
System memory in use before: 58.6 MB.
System memory in use after: 58.7 MB.

Unloading 29 unused Assets to reduce memory usage. Loaded Objects now: 1626.
Total: 4.908600 ms (FindLiveObjects: 0.367200 ms CreateObjectMapping: 0.089300 ms MarkObjects: 4.385400 ms  DeleteObjects: 0.063400 ms)

========================================================================
Received Prepare
Registering precompiled user dll's ...
Registered in 0.014333 seconds.
Begin MonoManager ReloadAssembly
Native extension for WindowsStandalone target not found
Native extension for WebGL target not found
Refreshing native plugins compatible for Editor in 1.04 ms, found 0 plugins.
Preloading 0 native plugins for Editor in 0.00 ms.
23:40:58.813 |V| RiderPlugin                    | <unnamed-thread>:1             | Writing Library/EditorInstance.json
Invoked RoslynAnalysisRunner static constructor.
RoslynAnalysisRunner will not be running.
RoslynAnalysisRunner has terminated.
Mono: successfully reloaded assembly
- Completed reload, in  5.642 seconds
Platform modules already initialized, skipping
Refreshing native plugins compatible for Editor in 1.01 ms, found 0 plugins.
Preloading 0 native plugins for Editor in 0.00 ms.
Unloading 1118 Unused Serialized files (Serialized files now loaded: 0)
System memory in use before: 58.6 MB.
System memory in use after: 58.7 MB.

Unloading 29 unused Assets to reduce memory usage. Loaded Objects now: 1629.
Total: 10.497000 ms (FindLiveObjects: 0.415200 ms CreateObjectMapping: 0.115700 ms MarkObjects: 9.892900 ms  DeleteObjects: 0.068100 ms)

========================================================================
Received Prepare
Registering precompiled user dll's ...
Registered in 0.008072 seconds.
Begin MonoManager ReloadAssembly
Native extension for WindowsStandalone target not found
Native extension for WebGL target not found
Refreshing native plugins compatible for Editor in 1.37 ms, found 0 plugins.
Preloading 0 native plugins for Editor in 0.00 ms.
23:41:29.785 |V| RiderPlugin                    | <unnamed-thread>:1             | Writing Library/EditorInstance.json
Invoked RoslynAnalysisRunner static constructor.
RoslynAnalysisRunner will not be running.
RoslynAnalysisRunner has terminated.
Mono: successfully reloaded assembly
- Completed reload, in  3.500 seconds
Platform modules already initialized, skipping
Refreshing native plugins compatible for Editor in 1.54 ms, found 0 plugins.
Preloading 0 native plugins for Editor in 0.00 ms.
Unloading 1118 Unused Serialized files (Serialized files now loaded: 0)
System memory in use before: 58.6 MB.
System memory in use after: 58.7 MB.

Unloading 29 unused Assets to reduce memory usage. Loaded Objects now: 1632.
Total: 6.198900 ms (FindLiveObjects: 0.439300 ms CreateObjectMapping: 0.128900 ms MarkObjects: 5.551500 ms  DeleteObjects: 0.075300 ms)

========================================================================
Received Import Request.
  Time since last request: 526.288043 seconds.
  path: Assets/Scenes/SelectGame.unity
  artifactKey: Guid(3e810ae03ce97f147a79e5dd3ec6c855) Importer(815301076,1909f56bfc062723c751e8b465ee728b)
Start importing Assets/Scenes/SelectGame.unity using Guid(3e810ae03ce97f147a79e5dd3ec6c855) Importer(815301076,1909f56bfc062723c751e8b465ee728b)  -> (artifact id: '1a0a97d910f104be62b4f21a21f832b1') in 0.047736 seconds
  Import took 0.052252 seconds .

========================================================================
Received Prepare
Registering precompiled user dll's ...
Registered in 0.030601 seconds.
Begin MonoManager ReloadAssembly
Native extension for WindowsStandalone target not found
Native extension for WebGL target not found
Refreshing native plugins compatible for Editor in 1.07 ms, found 0 plugins.
Preloading 0 native plugins for Editor in 0.00 ms.
23:43:41.060 |V| RiderPlugin                    | <unnamed-thread>:1             | Writing Library/EditorInstance.json
Invoked RoslynAnalysisRunner static constructor.
RoslynAnalysisRunner will not be running.
RoslynAnalysisRunner has terminated.
Mono: successfully reloaded assembly
- Completed reload, in  3.778 seconds
Platform modules already initialized, skipping
Refreshing native plugins compatible for Editor in 2.53 ms, found 0 plugins.
Preloading 0 native plugins for Editor in 0.00 ms.
Unloading 1118 Unused Serialized files (Serialized files now loaded: 0)
System memory in use before: 58.7 MB.
System memory in use after: 58.8 MB.

Unloading 29 unused Assets to reduce memory usage. Loaded Objects now: 1635.
Total: 7.198500 ms (FindLiveObjects: 0.434300 ms CreateObjectMapping: 0.160300 ms MarkObjects: 6.529100 ms  DeleteObjects: 0.069800 ms)

========================================================================
Received Prepare
Registering precompiled user dll's ...
Registered in 0.007527 seconds.
Begin MonoManager ReloadAssembly
Native extension for WindowsStandalone target not found
Native extension for WebGL target not found
Refreshing native plugins compatible for Editor in 1.12 ms, found 0 plugins.
Preloading 0 native plugins for Editor in 0.00 ms.
23:43:47.647 |V| RiderPlugin                    | <unnamed-thread>:1             | Writing Library/EditorInstance.json
Invoked RoslynAnalysisRunner static constructor.
RoslynAnalysisRunner will not be running.
RoslynAnalysisRunner has terminated.
Mono: successfully reloaded assembly
- Completed reload, in  3.734 seconds
Platform modules already initialized, skipping
Refreshing native plugins compatible for Editor in 0.97 ms, found 0 plugins.
Preloading 0 native plugins for Editor in 0.00 ms.
Unloading 1118 Unused Serialized files (Serialized files now loaded: 0)
System memory in use before: 58.6 MB.
System memory in use after: 58.7 MB.

Unloading 29 unused Assets to reduce memory usage. Loaded Objects now: 1638.
Total: 5.316900 ms (FindLiveObjects: 0.437200 ms CreateObjectMapping: 0.155300 ms MarkObjects: 4.665300 ms  DeleteObjects: 0.055200 ms)

========================================================================
Received Prepare
Registering precompiled user dll's ...
Registered in 0.019662 seconds.
Begin MonoManager ReloadAssembly
Native extension for WindowsStandalone target not found
Native extension for WebGL target not found
Refreshing native plugins compatible for Editor in 0.90 ms, found 0 plugins.
Preloading 0 native plugins for Editor in 0.00 ms.
23:48:35.758 |V| RiderPlugin                    | <unnamed-thread>:1             | Writing Library/EditorInstance.json
Invoked RoslynAnalysisRunner static constructor.
RoslynAnalysisRunner will not be running.
RoslynAnalysisRunner has terminated.
Mono: successfully reloaded assembly
- Completed reload, in  5.456 seconds
Platform modules already initialized, skipping
Refreshing native plugins compatible for Editor in 1.16 ms, found 0 plugins.
Preloading 0 native plugins for Editor in 0.00 ms.
Unloading 1118 Unused Serialized files (Serialized files now loaded: 0)
System memory in use before: 58.7 MB.
System memory in use after: 58.8 MB.

Unloading 29 unused Assets to reduce memory usage. Loaded Objects now: 1641.
Total: 8.486300 ms (FindLiveObjects: 1.272100 ms CreateObjectMapping: 0.293400 ms MarkObjects: 6.865700 ms  DeleteObjects: 0.051000 ms)

========================================================================
Received Prepare
Registering precompiled user dll's ...
Registered in 0.007568 seconds.
Begin MonoManager ReloadAssembly
Native extension for WindowsStandalone target not found
Native extension for WebGL target not found
Refreshing native plugins compatible for Editor in 0.89 ms, found 0 plugins.
Preloading 0 native plugins for Editor in 0.00 ms.
23:50:21.889 |V| RiderPlugin                    | <unnamed-thread>:1             | Writing Library/EditorInstance.json
Invoked RoslynAnalysisRunner static constructor.
RoslynAnalysisRunner will not be running.
RoslynAnalysisRunner has terminated.
Mono: successfully reloaded assembly
- Completed reload, in  3.082 seconds
Platform modules already initialized, skipping
Refreshing native plugins compatible for Editor in 0.85 ms, found 0 plugins.
Preloading 0 native plugins for Editor in 0.00 ms.
Unloading 1118 Unused Serialized files (Serialized files now loaded: 0)
System memory in use before: 58.7 MB.
System memory in use after: 58.8 MB.

Unloading 29 unused Assets to reduce memory usage. Loaded Objects now: 1644.
Total: 5.307900 ms (FindLiveObjects: 0.349400 ms CreateObjectMapping: 0.075900 ms MarkObjects: 4.811400 ms  DeleteObjects: 0.067600 ms)

AssetImportWorkerClient::OnTransportError - code=2 error=End of file
