Using pre-set license
Built from '2020.3/staging' branch; Version is '2020.3.0f1 (c7b5465681fb) revision 13088070'; Using compiler version '192528614'; Build Type 'Release'
OS: 'Windows 10 Home; OS build 19041.867; Version 2004; 64bit' Language: 'en' Physical Memory: 7278 MB
BatchMode: 1, IsHumanControllingUs: 0, StartBugReporterOnCrash: 0, Is64bit: 1, IsPro: 0

 COMMAND LINE ARGUMENTS:
C:\Program Files\Unity\Editor\Unity.exe
-adb2
-batchMode
-noUpm
-name
AssetImportWorker0
-projectPath
F:/Unity/Work/Más allá del tarot/Proyecto Unity/MasAllaTarot
-logFile
Logs/AssetImportWorker0.log
-srvPort
13903
Successfully changed project path to: F:/Unity/Work/Más allá del tarot/Proyecto Unity/MasAllaTarot
F:/Unity/Work/Más allá del tarot/Proyecto Unity/MasAllaTarot
Using Asset Import Pipeline V2.
Refreshing native plugins compatible for Editor in 265.65 ms, found 0 plugins.
Preloading 0 native plugins for Editor in 0.00 ms.
Initialize engine version: 2020.3.0f1 (c7b5465681fb)
[Subsystems] Discovering subsystems at path C:/Program Files/Unity/Editor/Data/Resources/UnitySubsystems
[Subsystems] Discovering subsystems at path F:/Unity/Work/Más allá del tarot/Proyecto Unity/MasAllaTarot/Assets
GfxDevice: creating device client; threaded=0
Direct3D:
    Version:  Direct3D 11.0 [level 11.1]
    Renderer: AMD Radeon R7 Graphics (ID=0x9874)
    Vendor:   
    VRAM:     495 MB
    Driver:   22.19.180.1536
Initialize mono
Mono path[0] = 'C:/Program Files/Unity/Editor/Data/Managed'
Mono path[1] = 'C:/Program Files/Unity/Editor/Data/MonoBleedingEdge/lib/mono/unityjit'
Mono config path = 'C:/Program Files/Unity/Editor/Data/MonoBleedingEdge/etc'
Using monoOptions --debugger-agent=transport=dt_socket,embedding=1,server=y,suspend=n,address=127.0.0.1:56120
Begin MonoManager ReloadAssembly
Registering precompiled unity dll's ...
Register platform support module: C:/Program Files/Unity/Editor/Data/PlaybackEngines/WebGLSupport/UnityEditor.WebGL.Extensions.dll
Register platform support module: C:/Program Files/Unity/Editor/Data/PlaybackEngines/WindowsStandaloneSupport/UnityEditor.WindowsStandalone.Extensions.dll
Registered in 0.008527 seconds.
Native extension for WindowsStandalone target not found
Native extension for WebGL target not found
Refreshing native plugins compatible for Editor in 127.54 ms, found 0 plugins.
Preloading 0 native plugins for Editor in 0.00 ms.
Invoked RoslynAnalysisRunner static constructor.
RoslynAnalysisRunner will not be running.
RoslynAnalysisRunner has terminated.
Mono: successfully reloaded assembly
- Completed reload, in  5.610 seconds
Platform modules already initialized, skipping
Registering precompiled user dll's ...
Registered in 0.005715 seconds.
Begin MonoManager ReloadAssembly
Native extension for WindowsStandalone target not found
Native extension for WebGL target not found
Refreshing native plugins compatible for Editor in 1.70 ms, found 0 plugins.
Preloading 0 native plugins for Editor in 0.00 ms.
17:56:38.329 |V| RiderPlugin                    | <unnamed-thread>:1             | Writing Library/EditorInstance.json
17:56:38.376 |V| ScriptObjectSingleton          | <unnamed-thread>:1             | FilePath 
17:56:38.382 |V| ScriptObjectSingleton          | <unnamed-thread>:1             | FilePath 
17:56:38.382 |V| RiderPlugin                    | <unnamed-thread>:1             | Call OnGeneratedCSProjectFiles once per Unity process.
17:56:38.395 |V| ScriptObjectSingleton          | <unnamed-thread>:1             | FilePath 
Invoked RoslynAnalysisRunner static constructor.
RoslynAnalysisRunner will not be running.
RoslynAnalysisRunner has terminated.
Mono: successfully reloaded assembly
- Completed reload, in  4.269 seconds
Platform modules already initialized, skipping
========================================================================
Worker process is ready to serve import requests
Launched and connected shader compiler UnityShaderCompiler.exe after 1.51 seconds
Refreshing native plugins compatible for Editor in 2.13 ms, found 0 plugins.
Preloading 0 native plugins for Editor in 0.00 ms.
Unloading 1134 Unused Serialized files (Serialized files now loaded: 0)
System memory in use before: 59.2 MB.
System memory in use after: 59.3 MB.

Unloading 38 unused Assets to reduce memory usage. Loaded Objects now: 1566.
Total: 8.206900 ms (FindLiveObjects: 0.711700 ms CreateObjectMapping: 0.163200 ms MarkObjects: 7.100500 ms  DeleteObjects: 0.226700 ms)

========================================================================
Received Import Request.
  path: Assets/Scripts/GameCards
  artifactKey: Guid(d94b9d197102a3448aba2cc76a5d6637) Importer(815301076,1909f56bfc062723c751e8b465ee728b)
Start importing Assets/Scripts/GameCards using Guid(d94b9d197102a3448aba2cc76a5d6637) Importer(815301076,1909f56bfc062723c751e8b465ee728b)  -> (artifact id: '63e17621fdb25e2c3fe41cce6771c4ef') in 0.075290 seconds
  Import took 0.082079 seconds .

========================================================================
Received Import Request.
  Time since last request: 0.011593 seconds.
  path: Assets/Scripts
  artifactKey: Guid(76b33c90f0a07fb45a85629e8b06e957) Importer(815301076,1909f56bfc062723c751e8b465ee728b)
Start importing Assets/Scripts using Guid(76b33c90f0a07fb45a85629e8b06e957) Importer(815301076,1909f56bfc062723c751e8b465ee728b)  -> (artifact id: '2e1ad13fc79acf744ca2591f1db4dffd') in 0.109743 seconds
  Import took 0.114520 seconds .

========================================================================
Received Import Request.
  Time since last request: 0.000533 seconds.
  path: Assets/Scripts/GameCards/Desktop
  artifactKey: Guid(2fbe5472f7799bd4d863ece639c68c2a) Importer(815301076,1909f56bfc062723c751e8b465ee728b)
Start importing Assets/Scripts/GameCards/Desktop using Guid(2fbe5472f7799bd4d863ece639c68c2a) Importer(815301076,1909f56bfc062723c751e8b465ee728b)  -> (artifact id: 'ccb2afdcbe087be2f4403f2b6c57a00e') in 0.115038 seconds
  Import took 0.121057 seconds .

========================================================================
Received Import Request.
  Time since last request: 0.000634 seconds.
  path: Assets/Scripts/GameCards/Desktop/TarotControllerDesktop.cs
  artifactKey: Guid(484bf02743815db4a83ffd93d9f3ddb6) Importer(815301076,1909f56bfc062723c751e8b465ee728b)
Start importing Assets/Scripts/GameCards/Desktop/TarotControllerDesktop.cs using Guid(484bf02743815db4a83ffd93d9f3ddb6) Importer(815301076,1909f56bfc062723c751e8b465ee728b)  -> (artifact id: '3a25047eb107b45c2692ff08c114d4a3') in 0.168002 seconds
  Import took 0.173886 seconds .

========================================================================
Received Prepare
Registering precompiled user dll's ...
Registered in 0.005049 seconds.
Begin MonoManager ReloadAssembly
Native extension for WindowsStandalone target not found
Native extension for WebGL target not found
Refreshing native plugins compatible for Editor in 4.88 ms, found 0 plugins.
Preloading 0 native plugins for Editor in 0.00 ms.
18:01:13.184 |V| RiderPlugin                    | <unnamed-thread>:1             | Writing Library/EditorInstance.json
Invoked RoslynAnalysisRunner static constructor.
RoslynAnalysisRunner will not be running.
RoslynAnalysisRunner has terminated.
Mono: successfully reloaded assembly
- Completed reload, in  4.948 seconds
Platform modules already initialized, skipping
Refreshing native plugins compatible for Editor in 2.21 ms, found 0 plugins.
Preloading 0 native plugins for Editor in 0.00 ms.
Unloading 1118 Unused Serialized files (Serialized files now loaded: 0)
System memory in use before: 58.4 MB.
System memory in use after: 58.4 MB.

Unloading 29 unused Assets to reduce memory usage. Loaded Objects now: 1569.
Total: 7.107900 ms (FindLiveObjects: 0.507000 ms CreateObjectMapping: 0.128200 ms MarkObjects: 6.379400 ms  DeleteObjects: 0.088800 ms)

========================================================================
Received Prepare
Registering precompiled user dll's ...
Registered in 0.004919 seconds.
Begin MonoManager ReloadAssembly
Native extension for WindowsStandalone target not found
Native extension for WebGL target not found
Refreshing native plugins compatible for Editor in 1.96 ms, found 0 plugins.
Preloading 0 native plugins for Editor in 0.00 ms.
18:09:27.815 |V| RiderPlugin                    | <unnamed-thread>:1             | Writing Library/EditorInstance.json
Invoked RoslynAnalysisRunner static constructor.
RoslynAnalysisRunner will not be running.
RoslynAnalysisRunner has terminated.
Mono: successfully reloaded assembly
- Completed reload, in  8.269 seconds
Platform modules already initialized, skipping
Refreshing native plugins compatible for Editor in 1.27 ms, found 0 plugins.
Preloading 0 native plugins for Editor in 0.00 ms.
Unloading 1118 Unused Serialized files (Serialized files now loaded: 0)
System memory in use before: 58.4 MB.
System memory in use after: 58.5 MB.

Unloading 29 unused Assets to reduce memory usage. Loaded Objects now: 1572.
Total: 14.853300 ms (FindLiveObjects: 0.421600 ms CreateObjectMapping: 0.456200 ms MarkObjects: 13.612700 ms  DeleteObjects: 0.355000 ms)

========================================================================
Received Import Request.
  Time since last request: 770.994668 seconds.
  path: Assets/Scripts/GameCards/Desktop/TarotControllerDesktop.cs
  artifactKey: Guid(484bf02743815db4a83ffd93d9f3ddb6) Importer(815301076,1909f56bfc062723c751e8b465ee728b)
Start importing Assets/Scripts/GameCards/Desktop/TarotControllerDesktop.cs using Guid(484bf02743815db4a83ffd93d9f3ddb6) Importer(815301076,1909f56bfc062723c751e8b465ee728b)  -> (artifact id: '387889608a6acb95c5c2ca9d58b2123b') in 0.046483 seconds
  Import took 0.053851 seconds .

========================================================================
Received Prepare
Registering precompiled user dll's ...
Registered in 0.005762 seconds.
Begin MonoManager ReloadAssembly
Native extension for WindowsStandalone target not found
Native extension for WebGL target not found
Refreshing native plugins compatible for Editor in 1.47 ms, found 0 plugins.
Preloading 0 native plugins for Editor in 0.00 ms.
18:10:42.173 |V| RiderPlugin                    | <unnamed-thread>:1             | Writing Library/EditorInstance.json
Invoked RoslynAnalysisRunner static constructor.
RoslynAnalysisRunner will not be running.
RoslynAnalysisRunner has terminated.
Mono: successfully reloaded assembly
- Completed reload, in  5.614 seconds
Platform modules already initialized, skipping
Refreshing native plugins compatible for Editor in 1.02 ms, found 0 plugins.
Preloading 0 native plugins for Editor in 0.00 ms.
Unloading 1118 Unused Serialized files (Serialized files now loaded: 0)
System memory in use before: 58.4 MB.
System memory in use after: 58.5 MB.

Unloading 29 unused Assets to reduce memory usage. Loaded Objects now: 1575.
Total: 5.841800 ms (FindLiveObjects: 0.352800 ms CreateObjectMapping: 0.098300 ms MarkObjects: 5.334400 ms  DeleteObjects: 0.053200 ms)

========================================================================
Received Prepare
Registering precompiled user dll's ...
Registered in 0.004126 seconds.
Begin MonoManager ReloadAssembly
Native extension for WindowsStandalone target not found
Native extension for WebGL target not found
Refreshing native plugins compatible for Editor in 0.91 ms, found 0 plugins.
Preloading 0 native plugins for Editor in 0.00 ms.
18:11:14.216 |V| RiderPlugin                    | <unnamed-thread>:1             | Writing Library/EditorInstance.json
Invoked RoslynAnalysisRunner static constructor.
RoslynAnalysisRunner will not be running.
RoslynAnalysisRunner has terminated.
Mono: successfully reloaded assembly
- Completed reload, in  2.544 seconds
Platform modules already initialized, skipping
Refreshing native plugins compatible for Editor in 1.01 ms, found 0 plugins.
Preloading 0 native plugins for Editor in 0.00 ms.
Unloading 1118 Unused Serialized files (Serialized files now loaded: 0)
System memory in use before: 58.4 MB.
System memory in use after: 58.5 MB.

Unloading 29 unused Assets to reduce memory usage. Loaded Objects now: 1578.
Total: 5.200400 ms (FindLiveObjects: 0.430700 ms CreateObjectMapping: 0.129700 ms MarkObjects: 4.572100 ms  DeleteObjects: 0.065500 ms)

========================================================================
Received Prepare
Registering precompiled user dll's ...
Registered in 0.008179 seconds.
Begin MonoManager ReloadAssembly
Native extension for WindowsStandalone target not found
Native extension for WebGL target not found
Refreshing native plugins compatible for Editor in 5.12 ms, found 0 plugins.
Preloading 0 native plugins for Editor in 0.00 ms.
18:29:08.413 |V| RiderPlugin                    | <unnamed-thread>:1             | Writing Library/EditorInstance.json
Invoked RoslynAnalysisRunner static constructor.
RoslynAnalysisRunner will not be running.
RoslynAnalysisRunner has terminated.
Mono: successfully reloaded assembly
- Completed reload, in  4.408 seconds
Platform modules already initialized, skipping
Refreshing native plugins compatible for Editor in 1.29 ms, found 0 plugins.
Preloading 0 native plugins for Editor in 0.00 ms.
Unloading 1118 Unused Serialized files (Serialized files now loaded: 0)
System memory in use before: 58.4 MB.
System memory in use after: 58.5 MB.

Unloading 29 unused Assets to reduce memory usage. Loaded Objects now: 1581.
Total: 7.167700 ms (FindLiveObjects: 0.415600 ms CreateObjectMapping: 0.114900 ms MarkObjects: 6.482800 ms  DeleteObjects: 0.149500 ms)

AssetImportWorkerClient::OnTransportError - code=2 error=End of file
